0 info it worked if it ends with ok
1 verbose cli [ '/home/ubuntu/.nvm/versions/node/v4.4.5/bin/node',
1 verbose cli   '/home/ubuntu/.nvm/versions/node/v4.4.5/bin/npm',
1 verbose cli   'run',
1 verbose cli   'debug' ]
2 info using npm@3.10.5
3 info using node@v4.4.5
4 verbose run-script [ 'predebug', 'debug', 'postdebug' ]
5 info lifecycle jessdocs@0.0.0~predebug: jessdocs@0.0.0
6 silly lifecycle jessdocs@0.0.0~predebug: no script for predebug, continuing
7 info lifecycle jessdocs@0.0.0~debug: jessdocs@0.0.0
8 verbose lifecycle jessdocs@0.0.0~debug: unsafe-perm in lifecycle true
9 verbose lifecycle jessdocs@0.0.0~debug: PATH: /home/ubuntu/.nvm/versions/node/v4.4.5/lib/node_modules/npm/bin/node-gyp-bin:/home/ubuntu/workspace/jd-ui/node_modules/.bin:/home/ubuntu/.nvm/versions/node/v4.4.5/bin:/home/ubuntu/.nvm/versions/node/v4.4.5/bin:/usr/local/rvm/gems/ruby-2.3.0/bin:/usr/local/rvm/gems/ruby-2.3.0@global/bin:/usr/local/rvm/rubies/ruby-2.3.0/bin:/mnt/shared/bin:/home/ubuntu/workspace/node_modules/.bin:/home/ubuntu/bin:/usr/local/sbin:/usr/local/bin:/usr/sbin:/usr/bin:/sbin:/bin:/mnt/shared/sbin:/opt/gitl:/opt/go/bin:/mnt/shared/c9/app.nw/bin:/usr/local/rvm/bin
10 verbose lifecycle jessdocs@0.0.0~debug: CWD: /home/ubuntu/workspace/jd-ui
11 silly lifecycle jessdocs@0.0.0~debug: Args: [ '-c', 'webpack-dev-server --inline --hot -d --host 0.0.0.0' ]
12 silly lifecycle jessdocs@0.0.0~debug: Returned: code: 137  signal: null
13 info lifecycle jessdocs@0.0.0~debug: Failed to exec debug script
14 verbose stack Error: jessdocs@0.0.0 debug: `webpack-dev-server --inline --hot -d --host 0.0.0.0`
14 verbose stack Exit status 137
14 verbose stack     at EventEmitter.<anonymous> (/home/ubuntu/.nvm/versions/node/v4.4.5/lib/node_modules/npm/lib/utils/lifecycle.js:242:16)
14 verbose stack     at emitTwo (events.js:87:13)
14 verbose stack     at EventEmitter.emit (events.js:172:7)
14 verbose stack     at ChildProcess.<anonymous> (/home/ubuntu/.nvm/versions/node/v4.4.5/lib/node_modules/npm/lib/utils/spawn.js:40:14)
14 verbose stack     at emitTwo (events.js:87:13)
14 verbose stack     at ChildProcess.emit (events.js:172:7)
14 verbose stack     at maybeClose (internal/child_process.js:827:16)
14 verbose stack     at Process.ChildProcess._handle.onexit (internal/child_process.js:211:5)
15 verbose pkgid jessdocs@0.0.0
16 verbose cwd /home/ubuntu/workspace/jd-ui
17 error Linux 4.2.0-c9
18 error argv "/home/ubuntu/.nvm/versions/node/v4.4.5/bin/node" "/home/ubuntu/.nvm/versions/node/v4.4.5/bin/npm" "run" "debug"
19 error node v4.4.5
20 error npm  v3.10.5
21 error code ELIFECYCLE
22 error jessdocs@0.0.0 debug: `webpack-dev-server --inline --hot -d --host 0.0.0.0`
22 error Exit status 137
23 error Failed at the jessdocs@0.0.0 debug script 'webpack-dev-server --inline --hot -d --host 0.0.0.0'.
23 error Make sure you have the latest version of node.js and npm installed.
23 error If you do, this is most likely a problem with the jessdocs package,
23 error not with npm itself.
23 error Tell the author that this fails on your system:
23 error     webpack-dev-server --inline --hot -d --host 0.0.0.0
23 error You can get information on how to open an issue for this project with:
23 error     npm bugs jessdocs
23 error Or if that isn't available, you can get their info via:
23 error     npm owner ls jessdocs
23 error There is likely additional logging output above.
24 verbose exit [ 1, true ]
